Started GET "/" for 127.0.0.1 at 2018-02-19 11:16:25 +0100
Processing by Rails::WelcomeController#index as HTML
  Rendering E:/RailsInstaller/Ruby2.3.3/lib/ruby/gems/2.3.0/gems/railties-5.1.5/lib/rails/templates/rails/welcome/index.html.erb
  Rendered E:/RailsInstaller/Ruby2.3.3/lib/ruby/gems/2.3.0/gems/railties-5.1.5/lib/rails/templates/rails/welcome/index.html.erb (5.0ms)
Completed 200 OK in 284ms (Views: 43.9ms)


Started GET "/" for 127.0.0.1 at 2018-02-19 11:18:08 +0100
Processing by Rails::WelcomeController#index as HTML
  Rendering E:/RailsInstaller/Ruby2.3.3/lib/ruby/gems/2.3.0/gems/railties-5.1.5/lib/rails/templates/rails/welcome/index.html.erb
  Rendered E:/RailsInstaller/Ruby2.3.3/lib/ruby/gems/2.3.0/gems/railties-5.1.5/lib/rails/templates/rails/welcome/index.html.erb (5.0ms)
Completed 200 OK in 289ms (Views: 43.1ms)


Started GET "/welcome/index" for 127.0.0.1 at 2018-02-19 11:24:37 +0100
Processing by WelcomeController#index as HTML
  Rendering welcome/index.html.erb within layouts/application
  Rendered welcome/index.html.erb within layouts/application (2.0ms)
Completed 500 Internal Server Error in 1910ms


  
ActionView::Template::Error (TypeError: El objeto no acepta esta propiedad o método):
    4:     <title>MiPrimerApp</title>
    5:     <%= csrf_meta_tags %>
    6: 
    7:     <%= stylesheet_link_tag    'application', media: 'all', 'data-turbolinks-track': 'reload' %>
    8:     <%= javascript_include_tag 'application', 'data-turbolinks-track': 'reload' %>
    9:   </head>
   10: 
  
app/views/layouts/application.html.erb:7:in `_app_views_layouts_application_html_erb__357221520_45437064'
Started GET "/welcome/index" for 127.0.0.1 at 2018-02-19 11:24:41 +0100
Processing by WelcomeController#index as HTML
  Rendering welcome/index.html.erb within layouts/application
  Rendered welcome/index.html.erb within layouts/application (0.0ms)
Completed 500 Internal Server Error in 1865ms


  
ActionView::Template::Error (TypeError: El objeto no acepta esta propiedad o método):
    4:     <title>MiPrimerApp</title>
    5:     <%= csrf_meta_tags %>
    6: 
    7:     <%= stylesheet_link_tag    'application', media: 'all', 'data-turbolinks-track': 'reload' %>
    8:     <%= javascript_include_tag 'application', 'data-turbolinks-track': 'reload' %>
    9:   </head>
   10: 
  
app/views/layouts/application.html.erb:7:in `_app_views_layouts_application_html_erb__357221520_96134640'
Started GET "/welcome/index.html" for 127.0.0.1 at 2018-02-19 11:24:54 +0100
Processing by WelcomeController#index as HTML
  Rendering welcome/index.html.erb within layouts/application
  Rendered welcome/index.html.erb within layouts/application (1.0ms)
Completed 500 Internal Server Error in 467ms


  
ActionView::Template::Error (TypeError: El objeto no acepta esta propiedad o método):
    4:     <title>MiPrimerApp</title>
    5:     <%= csrf_meta_tags %>
    6: 
    7:     <%= stylesheet_link_tag    'application', media: 'all', 'data-turbolinks-track': 'reload' %>
    8:     <%= javascript_include_tag 'application', 'data-turbolinks-track': 'reload' %>
    9:   </head>
   10: 
  
app/views/layouts/application.html.erb:7:in `_app_views_layouts_application_html_erb__357221520_71076996'
Started GET "/welcome/index" for 127.0.0.1 at 2018-02-19 11:25:58 +0100
Processing by WelcomeController#index as HTML
  Rendering welcome/index.html.erb within layouts/application
  Rendered welcome/index.html.erb within layouts/application (3.0ms)
Completed 500 Internal Server Error in 1192ms


  
ActionView::Template::Error (TypeError: El objeto no acepta esta propiedad o método):
    4:     <title>MiPrimerApp</title>
    5:     <%= csrf_meta_tags %>
    6: 
    7:     <%= stylesheet_link_tag    'application', media: 'all', 'data-turbolinks-track': 'reload' %>
    8:     <%= javascript_include_tag 'application', 'data-turbolinks-track': 'reload' %>
    9:   </head>
   10: 
  
app/views/layouts/application.html.erb:7:in `_app_views_layouts_application_html_erb__469747022_50429424'
Started GET "/welcome/index" for 127.0.0.1 at 2018-02-19 11:27:22 +0100
Processing by WelcomeController#index as HTML
  Rendering welcome/index.html.erb within layouts/application
  Rendered welcome/index.html.erb within layouts/application (2.0ms)
Completed 500 Internal Server Error in 1160ms


  
ActionView::Template::Error (TypeError: El objeto no acepta esta propiedad o método):
    4:     <title>MiPrimerApp</title>
    5:     <%= csrf_meta_tags %>
    6: 
    7:     <%= stylesheet_link_tag    'application', media: 'all', 'data-turbolinks-track': 'reload' %>
    8:     <%= javascript_include_tag 'application', 'data-turbolinks-track': 'reload' %>
    9:   </head>
   10: 
  
app/views/layouts/application.html.erb:7:in `_app_views_layouts_application_html_erb__340266874_49937076'
Started GET "/welcome/index" for 127.0.0.1 at 2018-02-19 11:29:24 +0100
Processing by WelcomeController#index as HTML
  Rendering welcome/index.html.erb within layouts/application
  Rendered welcome/index.html.erb within layouts/application (2.0ms)
Completed 500 Internal Server Error in 1150ms


  
ActionView::Template::Error (TypeError: El objeto no acepta esta propiedad o método):
    4:     <title>MiPrimerApp</title>
    5:     <%= csrf_meta_tags %>
    6: 
    7:     <%= stylesheet_link_tag    'application', media: 'all', 'data-turbolinks-track': 'reload' %>
    8:     <%= javascript_include_tag 'application', 'data-turbolinks-track': 'reload' %>
    9:   </head>
   10: 
  
app/views/layouts/application.html.erb:7:in `_app_views_layouts_application_html_erb__986392689_49998192'
Started GET "/welcome/index" for 127.0.0.1 at 2018-02-19 11:35:02 +0100
Processing by WelcomeController#index as HTML
  Rendering welcome/index.html.erb
  Rendered welcome/index.html.erb (2.0ms)
Completed 200 OK in 357ms (Views: 100.6ms)


Started GET "/welcome/index" for 127.0.0.1 at 2018-02-19 11:35:38 +0100
Processing by WelcomeController#index as HTML
  Rendering welcome/index.html.erb
  Rendered welcome/index.html.erb (0.0ms)
Completed 200 OK in 122ms (Views: 98.1ms)


Started GET "/welcome/index" for 127.0.0.1 at 2018-02-19 11:35:39 +0100
Processing by WelcomeController#index as HTML
  Rendering welcome/index.html.erb
  Rendered welcome/index.html.erb (1.0ms)
Completed 200 OK in 124ms (Views: 97.7ms)


Started GET "/welcome/index" for 127.0.0.1 at 2018-02-19 11:35:44 +0100
Processing by WelcomeController#index as HTML
  Rendering welcome/index.html.erb
  Rendered welcome/index.html.erb (0.0ms)
Completed 200 OK in 127ms (Views: 101.4ms)


Started GET "/welcome/index" for 127.0.0.1 at 2018-02-19 11:35:47 +0100
Processing by WelcomeController#index as HTML
  Rendering welcome/index.html.erb
  Rendered welcome/index.html.erb (1.0ms)
Completed 200 OK in 120ms (Views: 96.1ms)


